<?xml version="1.0" encoding="UTF-8"?>
<!-- Generated by org.testng.reporters.JUnitReportReporter -->
<testsuite skipped="0" hostname="LAPTOP-MNGGAL0E" name="org.example.AppiumTest" tests="2" failures="0" timestamp="2020-11-22T21:18:01 ICT" time="0.022" errors="0">
  <testcase name="nativeAppAndroid" time="0.011" classname="org.example.AppiumTest"/>
  <system-out/>
  <testcase name="IOSApps" time="0.011" classname="org.example.AppiumTest"/>
  <system-out/>
</testsuite> <!-- org.example.AppiumTest -->
