<?xml version="1.0" encoding="UTF-8"?>
<!-- Generated by org.testng.reporters.JUnitReportReporter -->
<testsuite skipped="0" hostname="LAPTOP-MNGGAL0E" name="org.example.RESTApiTest" tests="2" failures="0" timestamp="2020-11-22T21:18:01 ICT" time="0.001" errors="0">
  <testcase name="deleteTwitter" time="0.000" classname="org.example.RESTApiTest"/>
  <system-out/>
  <testcase name="postJIRA" time="0.001" classname="org.example.RESTApiTest"/>
  <system-out/>
</testsuite> <!-- org.example.RESTApiTest -->
