<?xml version="1.0" encoding="UTF-8"?>
<!-- Generated by org.testng.reporters.JUnitReportReporter -->
<testsuite skipped="0" hostname="LAPTOP-MNGGAL0E" name="org.example.SeleniumTest" tests="2" failures="0" timestamp="2020-11-22T21:18:01 ICT" time="0.004" errors="0">
  <testcase name="BrowserAutomation" time="0.004" classname="org.example.SeleniumTest"/>
  <system-out/>
  <testcase name="elementsUI" time="0.000" classname="org.example.SeleniumTest"/>
  <system-out/>
</testsuite> <!-- org.example.SeleniumTest -->
