<?xml version="1.0" encoding="UTF-8"?>
<testsuite name="nguyenTran.ExtensReport.ExtentReportDemo" tests="1" skipped="0" failures="0" errors="0" timestamp="2020-11-30T09:49:54" hostname="LAPTOP-MNGGAL0E" time="5.247">
  <properties/>
  <testcase name="initialDemo" classname="nguyenTran.ExtensReport.ExtentReportDemo" time="5.247"/>
  <system-out><![CDATA[Rahul Shetty Academy
]]></system-out>
  <system-err><![CDATA[Starting ChromeDriver 86.0.4240.22 (398b0743353ff36fb1b82468f63a3a93b4e2e89e-refs/branch-heads/4240@{#378}) on port 48450
Only local connections are allowed.
Please see https://chromedriver.chromium.org/security-considerations for suggestions on keeping ChromeDriver safe.
ChromeDriver was started successfully.
[1606729795.931][WARNING]: This version of ChromeDriver has not been tested with Chrome version 87.
Nov 30, 2020 4:49:58 PM org.openqa.selenium.remote.ProtocolHandshake createSession
INFO: Detected dialect: W3C
]]></system-err>
</testsuite>
